<?xml version="1.0" encoding="UTF-8"?>
<testsuite xmlns:xsi="http://www.w3.org/2001/XMLSchema-instance" xsi:noNamespaceSchemaLocation="https://maven.apache.org/surefire/maven-surefire-plugin/xsd/surefire-test-report.xsd" name="com.example.login.LoginServiceTest" time="0.097" tests="7" errors="0" skipped="0" failures="0">
  <properties>
    <property name="java.specification.version" value="21"/>
    <property name="sun.cpu.isalist" value="amd64"/>
    <property name="sun.jnu.encoding" value="Cp1252"/>
    <property name="java.class.path" value="C:\Users\ruthi\Downloads\Telegram Desktop\TermPaperProjectDemo-main\TermPaperProjectDemo-main\target\test-classes;C:\Users\ruthi\Downloads\Telegram Desktop\TermPaperProjectDemo-main\TermPaperProjectDemo-main\target\classes;C:\Users\ruthi\.m2\repository\junit\junit\4.13.2\junit-4.13.2.jar;C:\Users\ruthi\.m2\repository\org\hamcrest\hamcrest-core\1.3\hamcrest-core-1.3.jar;"/>
    <property name="java.vm.vendor" value="Eclipse Adoptium"/>
    <property name="sun.arch.data.model" value="64"/>
    <property name="user.variant" value=""/>
    <property name="java.vendor.url" value="https://adoptium.net/"/>
    <property name="user.timezone" value="Asia/Calcutta"/>
    <property name="os.name" value="Windows 11"/>
    <property name="java.vm.specification.version" value="21"/>
    <property name="sun.java.launcher" value="SUN_STANDARD"/>
    <property name="user.country" value="IN"/>
    <property name="sun.boot.library.path" value="C:\Users\ruthi\AppData\Roaming\Code\User\globalStorage\pleiades.java-extension-pack-jdk\java\21\bin"/>
    <property name="sun.java.command" value="C:\Users\ruthi\AppData\Local\Temp\surefire18071677309493548334\surefirebooter8353458610415942645.jar C:\Users\ruthi\AppData\Local\Temp\surefire18071677309493548334 2025-08-10T21-43-01_257-jvmRun1 surefire6078499999791371550tmp surefire_05235617507992886929tmp"/>
    <property name="jdk.debug" value="release"/>
    <property name="surefire.test.class.path" value="C:\Users\ruthi\Downloads\Telegram Desktop\TermPaperProjectDemo-main\TermPaperProjectDemo-main\target\test-classes;C:\Users\ruthi\Downloads\Telegram Desktop\TermPaperProjectDemo-main\TermPaperProjectDemo-main\target\classes;C:\Users\ruthi\.m2\repository\junit\junit\4.13.2\junit-4.13.2.jar;C:\Users\ruthi\.m2\repository\org\hamcrest\hamcrest-core\1.3\hamcrest-core-1.3.jar;"/>
    <property name="sun.cpu.endian" value="little"/>
    <property name="user.home" value="C:\Users\ruthi"/>
    <property name="user.language" value="en"/>
    <property name="java.specification.vendor" value="Oracle Corporation"/>
    <property name="java.version.date" value="2025-04-15"/>
    <property name="java.home" value="C:\Users\ruthi\AppData\Roaming\Code\User\globalStorage\pleiades.java-extension-pack-jdk\java\21"/>
    <property name="file.separator" value="\"/>
    <property name="basedir" value="C:\Users\ruthi\Downloads\Telegram Desktop\TermPaperProjectDemo-main\TermPaperProjectDemo-main"/>
    <property name="java.vm.compressedOopsMode" value="32-bit"/>
    <property name="line.separator" value="&#10;"/>
    <property name="java.vm.specification.vendor" value="Oracle Corporation"/>
    <property name="java.specification.name" value="Java Platform API Specification"/>
    <property name="surefire.real.class.path" value="C:\Users\ruthi\AppData\Local\Temp\surefire18071677309493548334\surefirebooter8353458610415942645.jar"/>
    <property name="user.script" value=""/>
    <property name="sun.management.compiler" value="HotSpot 64-Bit Tiered Compilers"/>
    <property name="java.runtime.version" value="21.0.7+6-LTS"/>
    <property name="user.name" value="ruthi"/>
    <property name="stdout.encoding" value="Cp1252"/>
    <property name="path.separator" value=";"/>
    <property name="os.version" value="10.0"/>
    <property name="java.runtime.name" value="OpenJDK Runtime Environment"/>
    <property name="file.encoding" value="UTF-8"/>
    <property name="java.vm.name" value="OpenJDK 64-Bit Server VM"/>
    <property name="java.vendor.version" value="Temurin-21.0.7+6"/>
    <property name="localRepository" value="C:\Users\ruthi\.m2\repository"/>
    <property name="java.vendor.url.bug" value="https://github.com/adoptium/adoptium-support/issues"/>
    <property name="java.io.tmpdir" value="C:\Users\ruthi\AppData\Local\Temp\"/>
    <property name="java.version" value="21.0.7"/>
    <property name="user.dir" value="C:\Users\ruthi\Downloads\Telegram Desktop\TermPaperProjectDemo-main\TermPaperProjectDemo-main"/>
    <property name="os.arch" value="amd64"/>
    <property name="java.vm.specification.name" value="Java Virtual Machine Specification"/>
    <property name="sun.os.patch.level" value=""/>
    <property name="native.encoding" value="Cp1252"/>
    <property name="java.library.path" value="C:\Users\ruthi\AppData\Roaming\Code\User\globalStorage\pleiades.java-extension-pack-jdk\java\21\bin;C:\WINDOWS\Sun\Java\bin;C:\WINDOWS\system32;C:\WINDOWS;C:\Users\ruthi\AppData\Roaming\Code\User\globalStorage\pleiades.java-extension-pack-jdk\gradle\latest\bin;C:\Users\ruthi\AppData\Roaming\Code\User\globalStorage\pleiades.java-extension-pack-jdk\maven\latest\bin;C:\Users\ruthi\AppData\Roaming\Code\User\globalStorage\pleiades.java-extension-pack-jdk\java\21\bin;C:\app\ruthi\product\21c\dbhomeXE\bin;C:\Program Files\Common Files\Oracle\Java\javapath;C:\WINDOWS\system32;C:\WINDOWS;C:\WINDOWS\System32\Wbem;C:\WINDOWS\System32\WindowsPowerShell\v1.0\;C:\WINDOWS\System32\OpenSSH\;C:\Program Files\nodejs\;C:\Program Files\Git\cmd;C:\Program Files\HP\HP One Agent;C:\WINDOWS\system32;C:\WINDOWS;C:\WINDOWS\System32\Wbem;C:\WINDOWS\System32\WindowsPowerShell\v1.0\;C:\WINDOWS\System32\OpenSSH\;C:\Program Files\Cloudflare\Cloudflare WARP\;C:\Program Files\Java\jdk-17\bin;C:\Program Files\PuTTY\;C:\Users\ruthi\Downloads\terraform_1.10.4_windows_amd64;C:\apache-maven-3.9.9\bin;;C:\Program Files\Docker\Docker\resources\bin;C:\Users\ruthi\AppData\Local\Programs\Python\Python312\Scripts\;C:\Users\ruthi\AppData\Local\Programs\Python\Python312\;C:\Users\ruthi\AppData\Local\Microsoft\WindowsApps;;C:\vsprograms\bin;C:\Users\ruthi\AppData\Roaming\npm;C:\Users\ruthi\Downloads\x86_64-8.1.0-release-posix-seh-rt_v6-rev0\mingw64\bin;;C:\Users\ruthi\AppData\Local\Programs\Ollama;."/>
    <property name="java.vm.info" value="mixed mode"/>
    <property name="stderr.encoding" value="Cp1252"/>
    <property name="java.vendor" value="Eclipse Adoptium"/>
    <property name="java.vm.version" value="21.0.8+9-LTS"/>
    <property name="sun.io.unicode.encoding" value="UnicodeLittle"/>
    <property name="java.class.version" value="65.0"/>
  </properties>
  <testcase name="testInvalidUsername" classname="com.example.login.LoginServiceTest" time="0.006"/>
  <testcase name="testValidLogin" classname="com.example.login.LoginServiceTest" time="0.011"/>
  <testcase name="testInvalidPassword" classname="com.example.login.LoginServiceTest" time="0.002"/>
  <testcase name="testInvalidMobile" classname="com.example.login.LoginServiceTest" time="0"/>
  <testcase name="testNullValues" classname="com.example.login.LoginServiceTest" time="0"/>
  <testcase name="testInvalidEmail" classname="com.example.login.LoginServiceTest" time="0"/>
  <testcase name="testInvalidDOB" classname="com.example.login.LoginServiceTest" time="0"/>
</testsuite>