<?xml version="1.0" encoding="UTF-8"?>
<testsuite xmlns:xsi="http://www.w3.org/2001/XMLSchema-instance" xsi:noNamespaceSchemaLocation="https://maven.apache.org/surefire/maven-surefire-plugin/xsd/surefire-test-report.xsd" name="com.example.login.LoginServiceTest" time="0.095" tests="7" errors="0" skipped="0" failures="0">
  <properties>
    <property name="java.specification.version" value="22"/>
    <property name="sun.cpu.isalist" value="amd64"/>
    <property name="sun.jnu.encoding" value="Cp1252"/>
    <property name="java.class.path" value="C:\Users\Prasanth Golla\Downloads\login-ci-demo\target\test-classes;C:\Users\Prasanth Golla\Downloads\login-ci-demo\target\classes;C:\Users\Prasanth Golla\.m2\repository\junit\junit\4.13.2\junit-4.13.2.jar;C:\Users\Prasanth Golla\.m2\repository\org\hamcrest\hamcrest-core\1.3\hamcrest-core-1.3.jar;"/>
    <property name="java.vm.vendor" value="Oracle Corporation"/>
    <property name="sun.arch.data.model" value="64"/>
    <property name="user.variant" value=""/>
    <property name="java.vendor.url" value="https://java.oracle.com/"/>
    <property name="user.timezone" value="Asia/Calcutta"/>
    <property name="os.name" value="Windows 11"/>
    <property name="java.vm.specification.version" value="22"/>
    <property name="user.country" value="IN"/>
    <property name="sun.java.launcher" value="SUN_STANDARD"/>
    <property name="sun.boot.library.path" value="C:\Program Files\Java\jdk-22\bin"/>
    <property name="sun.java.command" value="C:\Users\PRASAN~1\AppData\Local\Temp\surefire509678396534681188\surefirebooter17532230292918294054.jar C:\Users\Prasanth Golla\AppData\Local\Temp\surefire509678396534681188 2025-05-10T10-14-03_741-jvmRun1 surefire5952520163293549291tmp surefire_07442937775786725379tmp"/>
    <property name="jdk.debug" value="release"/>
    <property name="surefire.test.class.path" value="C:\Users\Prasanth Golla\Downloads\login-ci-demo\target\test-classes;C:\Users\Prasanth Golla\Downloads\login-ci-demo\target\classes;C:\Users\Prasanth Golla\.m2\repository\junit\junit\4.13.2\junit-4.13.2.jar;C:\Users\Prasanth Golla\.m2\repository\org\hamcrest\hamcrest-core\1.3\hamcrest-core-1.3.jar;"/>
    <property name="sun.cpu.endian" value="little"/>
    <property name="user.home" value="C:\Users\Prasanth Golla"/>
    <property name="user.language" value="en"/>
    <property name="java.specification.vendor" value="Oracle Corporation"/>
    <property name="java.version.date" value="2024-07-16"/>
    <property name="java.home" value="C:\Program Files\Java\jdk-22"/>
    <property name="file.separator" value="\"/>
    <property name="basedir" value="C:\Users\Prasanth Golla\Downloads\login-ci-demo"/>
    <property name="java.vm.compressedOopsMode" value="32-bit"/>
    <property name="line.separator" value="&#10;"/>
    <property name="java.vm.specification.vendor" value="Oracle Corporation"/>
    <property name="java.specification.name" value="Java Platform API Specification"/>
    <property name="surefire.real.class.path" value="C:\Users\PRASAN~1\AppData\Local\Temp\surefire509678396534681188\surefirebooter17532230292918294054.jar"/>
    <property name="user.script" value=""/>
    <property name="sun.management.compiler" value="HotSpot 64-Bit Tiered Compilers"/>
    <property name="java.runtime.version" value="22.0.2+9-70"/>
    <property name="user.name" value="Prasanth Golla"/>
    <property name="stdout.encoding" value="Cp1252"/>
    <property name="path.separator" value=";"/>
    <property name="os.version" value="10.0"/>
    <property name="java.runtime.name" value="Java(TM) SE Runtime Environment"/>
    <property name="file.encoding" value="UTF-8"/>
    <property name="java.vm.name" value="Java HotSpot(TM) 64-Bit Server VM"/>
    <property name="maven.ext.class.path" value="C:\Users\Prasanth Golla\.vscode\extensions\oracle.oracle-java-24.0.0\nbcode\java\maven-nblib\netbeans-eventspy.jar"/>
    <property name="localRepository" value="C:\Users\Prasanth Golla\.m2\repository"/>
    <property name="java.vendor.url.bug" value="https://bugreport.java.com/bugreport/"/>
    <property name="java.io.tmpdir" value="C:\Users\PRASAN~1\AppData\Local\Temp\"/>
    <property name="java.version" value="22.0.2"/>
    <property name="user.dir" value="C:\Users\Prasanth Golla\Downloads\login-ci-demo"/>
    <property name="os.arch" value="amd64"/>
    <property name="java.vm.specification.name" value="Java Virtual Machine Specification"/>
    <property name="sun.os.patch.level" value=""/>
    <property name="native.encoding" value="Cp1252"/>
    <property name="java.library.path" value="C:\Program Files\Java\jdk-22\bin;C:\WINDOWS\Sun\Java\bin;C:\WINDOWS\system32;C:\WINDOWS;C:\app\dbhomeXE\bin;C:\Program Files\Common Files\Oracle\Java\javapath;C:\Program Files (x86)\Common Files;C:\Program Files\HP\HP One Agent;C:\Windows\System32;C:\WINDOWS\System32\WindowsPowerShell\v1.0\;C:\WINDOWS\System32\Wbem;C:\WINDOWS;C:\WINDOWS\System32\OpenSSH\;C:\Program Files\Git\cmd;C:\Program Files\nodejs\;C:\Program Files\Java\jdk-17;C:\WINDOWS\system32;C:\WINDOWS;C:\WINDOWS\System32\Wbem;C:\WINDOWS\System32\WindowsPowerShell\v1.0\;C:\WINDOWS\System32\OpenSSH\;C:\terraform_1.10.3_windows_amd64;C:\Program Files\PuTTY\;C:\Users\Prasanth Golla\Downloads\terraform_1.10.3_windows_amd64;C:\apache-maven-3.9.9\bin;;C:\Program Files\Kubernetes\Minikube;C:\Program Files\Cloudflare\Cloudflare WARP\;c:\Users\Prasanth Golla\AppData\Local\Programs\cursor\resources\app\bin;c:\Users\Prasanth Golla\AppData\Local\Programs\cursor\resources\app\bin;C:\Program Files\Docker\Docker\resources\bin;C:\app\dbhomeXE\bin;C:\Program Files\Common Files\Oracle\Java\javapath;C:\Program Files (x86)\Common Files;C:\Program Files\HP\HP One Agent;C:\Windows\System32;C:\WINDOWS\System32\WindowsPowerShell\v1.0\;C:\WINDOWS\System32\Wbem;C:\WINDOWS;C:\WINDOWS\System32\OpenSSH\;C:\Program Files\Git\cmd;C:\Program Files\nodejs\;C:\Program Files\Java\jdk-17;C:\WINDOWS\system32;C:\WINDOWS;C:\WINDOWS\System32\Wbem;C:\WINDOWS\System32\WindowsPowerShell\v1.0\;C:\WINDOWS\System32\OpenSSH\;C:\terraform_1.10.3_windows_amd64;C:\Program Files\PuTTY\;C:\Users\Prasanth Golla\Downloads\terraform_1.10.3_windows_amd64;C:\Program Files\Cloudflare\Cloudflare WARP\;C:\apache-maven-3.9.9\bin;;C:\Program Files\Docker\Docker\resources\bin;C:\Program Files\MySQL\MySQL Shell 8.0\bin\;C:\Users\Prasanth Golla\AppData\Local\Microsoft\WindowsApps;C:\Users\Prasanth Golla\AppData\Local\Programs\Microsoft VS Code\bin;C:\Program Files\JetBrains\IntelliJ IDEA 2024.1.1\bin;C:\Program Files\Git\bin;C:\Users\Prasanth Golla\AppData\Local\Programs\Python\Python312\Scripts\;C:\Users\Prasanth Golla\AppData\Local\Programs\Python\Python312\;C:\Users\Prasanth Golla\AppData\Roaming\npm;C:\Users\Prasanth Golla\AppData\Local\Programs\Ollama;C:\Users\Prasanth Golla\Downloads\mingw64\bin;C:\Program Files\OpenSSL-Win64\bin;C:\Users\Prasanth Golla\AppData\Local\GitHubDesktop\bin;C:\path\to\your\scripts;C:\Users\Prasanth Golla\AppData\Local\Programs\cursor\resources\app\bin;."/>
    <property name="java.vm.info" value="mixed mode, sharing"/>
    <property name="stderr.encoding" value="Cp1252"/>
    <property name="java.vendor" value="Oracle Corporation"/>
    <property name="java.vm.version" value="22.0.2+9-70"/>
    <property name="sun.io.unicode.encoding" value="UnicodeLittle"/>
    <property name="java.class.version" value="66.0"/>
  </properties>
  <testcase name="testInvalidUsername" classname="com.example.login.LoginServiceTest" time="0.007"/>
  <testcase name="testValidLogin" classname="com.example.login.LoginServiceTest" time="0.012"/>
  <testcase name="testInvalidPassword" classname="com.example.login.LoginServiceTest" time="0"/>
  <testcase name="testInvalidMobile" classname="com.example.login.LoginServiceTest" time="0.001"/>
  <testcase name="testNullValues" classname="com.example.login.LoginServiceTest" time="0"/>
  <testcase name="testInvalidEmail" classname="com.example.login.LoginServiceTest" time="0"/>
  <testcase name="testInvalidDOB" classname="com.example.login.LoginServiceTest" time="0.001"/>
</testsuite>